DEPRECATION WARNING: config.action_view.debug_rjs will be removed in 3.1, from 3.1 onwards you will need to install prototype-rails to continue to use RJS templates . (called from instance_exec at /Library/Ruby/Gems/1.8/gems/railties-3.0.9/lib/rails/initializable.rb:25)
DEPRECATION WARNING: config.action_view.debug_rjs will be removed in 3.1, from 3.1 onwards you will need to install prototype-rails to continue to use RJS templates . (called from instance_exec at /Library/Ruby/Gems/1.8/gems/railties-3.0.9/lib/rails/initializable.rb:25)


Started GET "/patients" for 127.0.0.1 at Fri Oct 28 15:21:54 -0700 2011

ActionController::RoutingError (No route matches "/patients"):
  

Rendered /Users/anachecho/.gem/ruby/1.8/gems/actionpack-3.0.9/lib/action_dispatch/middleware/templates/rescues/routing_error.erb within rescues/layout (0.7ms)


Started GET "/incidents" for 127.0.0.1 at Fri Oct 28 15:21:59 -0700 2011
DEPRECATION WARNING: Setting filter_parameter_logging in ActionController is deprecated and has no longer effect, please set 'config.filter_parameters' in config/application.rb instead. (called from /Users/anachecho/Documents/CMU/Fall 11/Practicum/Mass-Triage/app/controllers/application_controller.rb:4)
  Processing by IncidentsController#index as HTML
  [1m[36mIncident Load (1.2ms)[0m  [1mSELECT "incidents".* FROM "incidents"[0m
Rendered incidents/index.html.erb within layouts/application (12.2ms)
Completed 200 OK in 63ms (Views: 19.1ms | ActiveRecord: 1.2ms)


Started GET "/incidents/1/patients" for 127.0.0.1 at Fri Oct 28 15:22:04 -0700 2011
DEPRECATION WARNING: Setting filter_parameter_logging in ActionController is deprecated and has no longer effect, please set 'config.filter_parameters' in config/application.rb instead. (called from /Users/anachecho/Documents/CMU/Fall 11/Practicum/Mass-Triage/app/controllers/application_controller.rb:4)
  Processing by PatientsController#index as HTML
  Parameters: {"incident_id"=>"1"}
  [1m[35mSQL (0.5ms)[0m   SELECT name
 FROM sqlite_master
 WHERE type = 'table' AND NOT name = 'sqlite_sequence'
  [1m[36mIncident Load (0.2ms)[0m  [1mSELECT "incidents".* FROM "incidents" WHERE "incidents"."id" = 1 LIMIT 1[0m
  [1m[35mPatient Load (0.2ms)[0m  SELECT "patients".* FROM "patients" WHERE ("patients".incident_id = 1)
Rendered patients/_form.html.erb (2.7ms)
Rendered patients/_patient.html.erb (6.6ms)
Rendered patients/index.html.erb within layouts/application (15.2ms)
Completed 200 OK in 73ms (Views: 21.0ms | ActiveRecord: 0.9ms)


Started GET "/incidents/1/ambulances" for 127.0.0.1 at Fri Oct 28 15:22:06 -0700 2011
DEPRECATION WARNING: Setting filter_parameter_logging in ActionController is deprecated and has no longer effect, please set 'config.filter_parameters' in config/application.rb instead. (called from /Users/anachecho/Documents/CMU/Fall 11/Practicum/Mass-Triage/app/controllers/application_controller.rb:4)
  Processing by AmbulancesController#index as HTML
  Parameters: {"incident_id"=>"1"}
  [1m[36mIncident Load (0.2ms)[0m  [1mSELECT "incidents".* FROM "incidents" WHERE "incidents"."id" = 1 LIMIT 1[0m
  [1m[35mSQL (0.2ms)[0m  SELECT COUNT(*) FROM "ambulances" WHERE ("ambulances".incident_id = 1)
  [1m[36mCACHE (0.0ms)[0m  [1mSELECT COUNT(*) FROM "ambulances" WHERE ("ambulances".incident_id = 1)[0m
  [1m[35mAmbulance Load (0.1ms)[0m  SELECT "ambulances".* FROM "ambulances" WHERE ("ambulances".incident_id = 1)
  [1m[36mHospital Load (0.2ms)[0m  [1mSELECT "hospitals".* FROM "hospitals" WHERE "hospitals"."id" = 1 LIMIT 1[0m
DEPRECATION WARNING: <% %> style block helpers are deprecated. Please use <%= %>. (called from _app_views_ambulances_index_html_erb__1472818210_2178169340_0 at /Users/anachecho/Documents/CMU/Fall 11/Practicum/Mass-Triage/app/views/ambulances/index.html.erb:32)
Rendered ambulances/index.html.erb within layouts/application (21.7ms)
Completed 200 OK in 88ms (Views: 26.8ms | ActiveRecord: 0.6ms)


Started POST "/incidents/1" for 127.0.0.1 at Fri Oct 28 15:22:31 -0700 2011
DEPRECATION WARNING: Setting filter_parameter_logging in ActionController is deprecated and has no longer effect, please set 'config.filter_parameters' in config/application.rb instead. (called from /Users/anachecho/Documents/CMU/Fall 11/Practicum/Mass-Triage/app/controllers/application_controller.rb:4)
  Processing by IncidentsController#update as HTML
  Parameters: {"commit"=>"REQUEST", "authenticity_token"=>"SJbeENNI21c3nTeAfLbShs02j5sXZq42eWwRBj5hbwA=", "utf8"=>"\342\234\223", "id"=>"1", "incident"=>{"requested_amb_count"=>"9"}}
  [1m[35mIncident Load (0.1ms)[0m  SELECT "incidents".* FROM "incidents" WHERE "incidents"."id" = 1 LIMIT 1
  [1m[36mAREL (0.4ms)[0m  [1mUPDATE "incidents" SET "updated_at" = '2011-10-28 22:22:31.420371', "requested_amb_count" = 9 WHERE "incidents"."id" = 1[0m
Redirected to http://localhost:3000/incidents/1/patients
Completed 302 Found in 362ms


Started GET "/incidents/1/patients" for 127.0.0.1 at Fri Oct 28 15:22:31 -0700 2011
DEPRECATION WARNING: Setting filter_parameter_logging in ActionController is deprecated and has no longer effect, please set 'config.filter_parameters' in config/application.rb instead. (called from /Users/anachecho/Documents/CMU/Fall 11/Practicum/Mass-Triage/app/controllers/application_controller.rb:4)
  Processing by PatientsController#index as HTML
  Parameters: {"incident_id"=>"1"}
  [1m[35mIncident Load (0.2ms)[0m  SELECT "incidents".* FROM "incidents" WHERE "incidents"."id" = 1 LIMIT 1
  [1m[36mPatient Load (0.2ms)[0m  [1mSELECT "patients".* FROM "patients" WHERE ("patients".incident_id = 1)[0m
Rendered patients/_form.html.erb (3.0ms)
Rendered patients/_patient.html.erb (6.3ms)
Rendered patients/index.html.erb within layouts/application (14.0ms)
Completed 200 OK in 90ms (Views: 19.3ms | ActiveRecord: 0.9ms)


Started GET "/incidents/1/ambulances" for 127.0.0.1 at Fri Oct 28 15:22:36 -0700 2011
DEPRECATION WARNING: Setting filter_parameter_logging in ActionController is deprecated and has no longer effect, please set 'config.filter_parameters' in config/application.rb instead. (called from /Users/anachecho/Documents/CMU/Fall 11/Practicum/Mass-Triage/app/controllers/application_controller.rb:4)
  Processing by AmbulancesController#index as HTML
  Parameters: {"incident_id"=>"1"}
  [1m[35mIncident Load (0.1ms)[0m  SELECT "incidents".* FROM "incidents" WHERE "incidents"."id" = 1 LIMIT 1
  [1m[36mSQL (0.1ms)[0m  [1mSELECT COUNT(*) FROM "ambulances" WHERE ("ambulances".incident_id = 1)[0m
  [1m[35mCACHE (0.0ms)[0m  SELECT COUNT(*) FROM "ambulances" WHERE ("ambulances".incident_id = 1)
  [1m[36mAmbulance Load (0.1ms)[0m  [1mSELECT "ambulances".* FROM "ambulances" WHERE ("ambulances".incident_id = 1)[0m
  [1m[35mHospital Load (0.1ms)[0m  SELECT "hospitals".* FROM "hospitals" WHERE "hospitals"."id" = 1 LIMIT 1
DEPRECATION WARNING: <% %> style block helpers are deprecated. Please use <%= %>. (called from _app_views_ambulances_index_html_erb__1472818210_2175977060_0 at /Users/anachecho/Documents/CMU/Fall 11/Practicum/Mass-Triage/app/views/ambulances/index.html.erb:32)
Rendered ambulances/index.html.erb within layouts/application (58.7ms)
Completed 200 OK in 85ms (Views: 63.3ms | ActiveRecord: 0.6ms)
DEPRECATION WARNING: config.action_view.debug_rjs will be removed in 3.1, from 3.1 onwards you will need to install prototype-rails to continue to use RJS templates . (called from instance_exec at /Library/Ruby/Gems/1.8/gems/railties-3.0.9/lib/rails/initializable.rb:25)


Started GET "/incidents" for 127.0.0.1 at Sat Oct 29 12:28:10 -0700 2011
DEPRECATION WARNING: Setting filter_parameter_logging in ActionController is deprecated and has no longer effect, please set 'config.filter_parameters' in config/application.rb instead. (called from /Users/anachecho/Documents/CMU/Fall 11/Practicum/Mass-Triage/app/controllers/application_controller.rb:4)
  Processing by IncidentsController#index as HTML
  [1m[36mIncident Load (1.1ms)[0m  [1mSELECT "incidents".* FROM "incidents"[0m
Rendered incidents/index.html.erb within layouts/application (11.7ms)
Completed 200 OK in 61ms (Views: 17.7ms | ActiveRecord: 1.1ms)


Started GET "/incidents/new" for 127.0.0.1 at Sat Oct 29 13:18:07 -0700 2011
DEPRECATION WARNING: Setting filter_parameter_logging in ActionController is deprecated and has no longer effect, please set 'config.filter_parameters' in config/application.rb instead. (called from /Users/anachecho/Documents/CMU/Fall 11/Practicum/Mass-Triage/app/controllers/application_controller.rb:4)
  Processing by IncidentsController#new as HTML
Rendered incidents/_form.html.erb (72.4ms)
Rendered incidents/new.html.erb within layouts/application (76.5ms)
Completed 200 OK in 91ms (Views: 82.6ms | ActiveRecord: 0.0ms)


Started POST "/incidents" for 127.0.0.1 at Sat Oct 29 13:19:15 -0700 2011
DEPRECATION WARNING: Setting filter_parameter_logging in ActionController is deprecated and has no longer effect, please set 'config.filter_parameters' in config/application.rb instead. (called from /Users/anachecho/Documents/CMU/Fall 11/Practicum/Mass-Triage/app/controllers/application_controller.rb:4)
  Processing by IncidentsController#create as HTML
  Parameters: {"commit"=>"Create Incident", "authenticity_token"=>"SJbeENNI21c3nTeAfLbShs02j5sXZq42eWwRBj5hbwA=", "utf8"=>"\342\234\223", "incident"=>{"location"=>"1402 Turret Road Bel Air MD", "latitude"=>"-76.343479", "longitude"=>"39.504074", "incident_type"=>"MVC"}}
  [1m[35mSQL (0.2ms)[0m   SELECT name
 FROM sqlite_master
 WHERE type = 'table' AND NOT name = 'sqlite_sequence'
  [1m[36mAREL (0.4ms)[0m  [1mINSERT INTO "incidents" ("est_patient_count", "dispatchTime", "location", "idIncident", "created_at", "latitude", "incident_type", "arrivalTime", "requested_amb_count", "longitude", "date", "endTime", "updated_at") VALUES (0, NULL, '1402 Turret Road Bel Air MD', NULL, '2011-10-29 20:19:15.116080', -76.343479, 'MVC', NULL, 0, 39.504074, NULL, NULL, '2011-10-29 20:19:15.116080')[0m
Redirected to http://localhost:3000/incidents/4
Completed 302 Found in 61ms


Started GET "/incidents/4" for 127.0.0.1 at Sat Oct 29 13:19:15 -0700 2011
DEPRECATION WARNING: Setting filter_parameter_logging in ActionController is deprecated and has no longer effect, please set 'config.filter_parameters' in config/application.rb instead. (called from /Users/anachecho/Documents/CMU/Fall 11/Practicum/Mass-Triage/app/controllers/application_controller.rb:4)
  Processing by IncidentsController#show as HTML
  Parameters: {"id"=>"4"}
  [1m[35mIncident Load (0.2ms)[0m  SELECT "incidents".* FROM "incidents" WHERE "incidents"."id" = 4 LIMIT 1
Rendered incidents/show.html.erb within layouts/application (10.1ms)
Completed 200 OK in 39ms (Views: 29.9ms | ActiveRecord: 0.8ms)


Started POST "/incidents/4" for 127.0.0.1 at Sat Oct 29 13:19:45 -0700 2011
DEPRECATION WARNING: Setting filter_parameter_logging in ActionController is deprecated and has no longer effect, please set 'config.filter_parameters' in config/application.rb instead. (called from /Users/anachecho/Documents/CMU/Fall 11/Practicum/Mass-Triage/app/controllers/application_controller.rb:4)
  Processing by IncidentsController#update as HTML
  Parameters: {"commit"=>"GO TO TRIAGE", "authenticity_token"=>"SJbeENNI21c3nTeAfLbShs02j5sXZq42eWwRBj5hbwA=", "utf8"=>"\342\234\223", "id"=>"4", "incident"=>{"requested_amb_count"=>"8", "est_patient_count"=>"16"}}
  [1m[36mIncident Load (0.1ms)[0m  [1mSELECT "incidents".* FROM "incidents" WHERE "incidents"."id" = 4 LIMIT 1[0m
  [1m[35mAREL (0.3ms)[0m  UPDATE "incidents" SET "updated_at" = '2011-10-29 20:19:45.986365', "est_patient_count" = 16, "requested_amb_count" = 8 WHERE "incidents"."id" = 4
Redirected to http://localhost:3000/incidents/4/patients
Completed 302 Found in 18ms


Started GET "/incidents/4/patients" for 127.0.0.1 at Sat Oct 29 13:19:45 -0700 2011
DEPRECATION WARNING: Setting filter_parameter_logging in ActionController is deprecated and has no longer effect, please set 'config.filter_parameters' in config/application.rb instead. (called from /Users/anachecho/Documents/CMU/Fall 11/Practicum/Mass-Triage/app/controllers/application_controller.rb:4)
  Processing by PatientsController#index as HTML
  Parameters: {"incident_id"=>"4"}
  [1m[36mIncident Load (0.1ms)[0m  [1mSELECT "incidents".* FROM "incidents" WHERE "incidents"."id" = 4 LIMIT 1[0m
  [1m[35mPatient Load (0.2ms)[0m  SELECT "patients".* FROM "patients" WHERE ("patients".incident_id = 4)
Rendered patients/_form.html.erb (2.6ms)
Rendered collection (0.0ms)
Rendered patients/index.html.erb within layouts/application (6.6ms)
Completed 200 OK in 100ms (Views: 12.0ms | ActiveRecord: 0.7ms)


Started POST "/incidents/4/patients" for 127.0.0.1 at Sat Oct 29 13:20:25 -0700 2011
DEPRECATION WARNING: Setting filter_parameter_logging in ActionController is deprecated and has no longer effect, please set 'config.filter_parameters' in config/application.rb instead. (called from /Users/anachecho/Documents/CMU/Fall 11/Practicum/Mass-Triage/app/controllers/application_controller.rb:4)
  Processing by PatientsController#create as HTML
  Parameters: {"commit"=>"ADD", "authenticity_token"=>"SJbeENNI21c3nTeAfLbShs02j5sXZq42eWwRBj5hbwA=", "utf8"=>"\342\234\223", "patient"=>{"complaint"=>"Leg Fracture", "ageType"=>"Years", "numberOfTag"=>"1", "sex"=>"Male", "tagColor"=>"Yellow", "age"=>"45"}, "incident_id"=>"4"}
  [1m[36mIncident Load (0.2ms)[0m  [1mSELECT "incidents".* FROM "incidents" WHERE "incidents"."id" = 4 LIMIT 1[0m
  [1m[35mAREL (0.3ms)[0m  INSERT INTO "patients" ("status", "idIncident", "incident_id", "created_at", "tagColor", "updated_at", "age", "numberOfTag", "sex", "complaint", "ageType") VALUES (NULL, NULL, 4, '2011-10-29 20:20:25.803232', 'Yellow', '2011-10-29 20:20:25.803232', 45, 1, 'Male', 'Leg Fracture', 'Years')
Redirected to http://localhost:3000/incidents/4/patients
Completed 302 Found in 33ms


Started GET "/incidents/4/patients" for 127.0.0.1 at Sat Oct 29 13:20:25 -0700 2011
DEPRECATION WARNING: Setting filter_parameter_logging in ActionController is deprecated and has no longer effect, please set 'config.filter_parameters' in config/application.rb instead. (called from /Users/anachecho/Documents/CMU/Fall 11/Practicum/Mass-Triage/app/controllers/application_controller.rb:4)
  Processing by PatientsController#index as HTML
  Parameters: {"incident_id"=>"4"}
  [1m[36mIncident Load (0.2ms)[0m  [1mSELECT "incidents".* FROM "incidents" WHERE "incidents"."id" = 4 LIMIT 1[0m
  [1m[35mPatient Load (0.2ms)[0m  SELECT "patients".* FROM "patients" WHERE ("patients".incident_id = 4)
Rendered patients/_form.html.erb (3.0ms)
Rendered patients/_patient.html.erb (3.9ms)
Rendered patients/index.html.erb within layouts/application (11.9ms)
Completed 200 OK in 84ms (Views: 16.9ms | ActiveRecord: 0.9ms)


Started POST "/incidents/4/patients/6" for 127.0.0.1 at Sat Oct 29 13:20:48 -0700 2011
DEPRECATION WARNING: Setting filter_parameter_logging in ActionController is deprecated and has no longer effect, please set 'config.filter_parameters' in config/application.rb instead. (called from /Users/anachecho/Documents/CMU/Fall 11/Practicum/Mass-Triage/app/controllers/application_controller.rb:4)
  Processing by PatientsController#update as HTML
  Parameters: {"id"=>"6", "patient"=>{"tagColor"=>"Red"}, "incident_id"=>"4"}
  [1m[36mIncident Load (0.2ms)[0m  [1mSELECT "incidents".* FROM "incidents" WHERE "incidents"."id" = 4 LIMIT 1[0m
  [1m[35mPatient Load (0.2ms)[0m  SELECT "patients".* FROM "patients" WHERE "patients"."id" = 6 AND ("patients".incident_id = 4) LIMIT 1
  [1m[36mAREL (0.3ms)[0m  [1mUPDATE "patients" SET "updated_at" = '2011-10-29 20:20:48.834349', "tagColor" = 'Red' WHERE "patients"."id" = 6[0m
Rendered text template (0.0ms)
Completed 200 OK in 63ms (Views: 34.0ms | ActiveRecord: 0.7ms)


Started POST "/incidents/4/patients/6" for 127.0.0.1 at Sat Oct 29 13:20:59 -0700 2011
DEPRECATION WARNING: Setting filter_parameter_logging in ActionController is deprecated and has no longer effect, please set 'config.filter_parameters' in config/application.rb instead. (called from /Users/anachecho/Documents/CMU/Fall 11/Practicum/Mass-Triage/app/controllers/application_controller.rb:4)
  Processing by PatientsController#update as HTML
  Parameters: {"id"=>"6", "patient"=>{"complaint"=>"Leg Fracture Bleeding a lot"}, "incident_id"=>"4"}
  [1m[35mIncident Load (0.2ms)[0m  SELECT "incidents".* FROM "incidents" WHERE "incidents"."id" = 4 LIMIT 1
  [1m[36mPatient Load (0.2ms)[0m  [1mSELECT "patients".* FROM "patients" WHERE "patients"."id" = 6 AND ("patients".incident_id = 4) LIMIT 1[0m
  [1m[35mAREL (0.2ms)[0m  UPDATE "patients" SET "updated_at" = '2011-10-29 20:20:59.449071', "complaint" = 'Leg Fracture Bleeding a lot' WHERE "patients"."id" = 6
Rendered text template (0.0ms)
Completed 200 OK in 68ms (Views: 0.7ms | ActiveRecord: 0.7ms)


Started POST "/incidents/4/patients" for 127.0.0.1 at Sat Oct 29 13:21:50 -0700 2011
DEPRECATION WARNING: Setting filter_parameter_logging in ActionController is deprecated and has no longer effect, please set 'config.filter_parameters' in config/application.rb instead. (called from /Users/anachecho/Documents/CMU/Fall 11/Practicum/Mass-Triage/app/controllers/application_controller.rb:4)
  Processing by PatientsController#create as HTML
  Parameters: {"commit"=>"ADD", "authenticity_token"=>"SJbeENNI21c3nTeAfLbShs02j5sXZq42eWwRBj5hbwA=", "utf8"=>"\342\234\223", "patient"=>{"complaint"=>"broken finger", "ageType"=>"Years", "numberOfTag"=>"2", "sex"=>"female", "tagColor"=>"Green", "age"=>"30"}, "incident_id"=>"4"}
  [1m[36mIncident Load (0.2ms)[0m  [1mSELECT "incidents".* FROM "incidents" WHERE "incidents"."id" = 4 LIMIT 1[0m
  [1m[35mAREL (0.3ms)[0m  INSERT INTO "patients" ("idIncident", "created_at", "age", "incident_id", "numberOfTag", "tagColor", "status", "sex", "complaint", "updated_at", "ageType") VALUES (NULL, '2011-10-29 20:21:50.738308', 30, 4, 2, 'Green', NULL, 'female', 'broken finger', '2011-10-29 20:21:50.738308', 'Years')
Redirected to http://localhost:3000/incidents/4/patients
Completed 302 Found in 36ms


Started GET "/incidents/4/patients" for 127.0.0.1 at Sat Oct 29 13:21:50 -0700 2011
DEPRECATION WARNING: Setting filter_parameter_logging in ActionController is deprecated and has no longer effect, please set 'config.filter_parameters' in config/application.rb instead. (called from /Users/anachecho/Documents/CMU/Fall 11/Practicum/Mass-Triage/app/controllers/application_controller.rb:4)
  Processing by PatientsController#index as HTML
  Parameters: {"incident_id"=>"4"}
  [1m[36mIncident Load (0.2ms)[0m  [1mSELECT "incidents".* FROM "incidents" WHERE "incidents"."id" = 4 LIMIT 1[0m
  [1m[35mPatient Load (0.2ms)[0m  SELECT "patients".* FROM "patients" WHERE ("patients".incident_id = 4)
Rendered patients/_form.html.erb (2.7ms)
Rendered patients/_patient.html.erb (6.8ms)
Rendered patients/index.html.erb within layouts/application (14.3ms)
Completed 200 OK in 88ms (Views: 19.4ms | ActiveRecord: 0.8ms)


Started POST "/incidents/4/patients/7" for 127.0.0.1 at Sat Oct 29 13:22:05 -0700 2011
DEPRECATION WARNING: Setting filter_parameter_logging in ActionController is deprecated and has no longer effect, please set 'config.filter_parameters' in config/application.rb instead. (called from /Users/anachecho/Documents/CMU/Fall 11/Practicum/Mass-Triage/app/controllers/application_controller.rb:4)
  Processing by PatientsController#destroy as HTML
  Parameters: {"authenticity_token"=>"f7Ao/VcbXTff/GCnsup5nDT7TFIFBXDhjMNEnrEt8Vw=", "id"=>"7", "incident_id"=>"4"}
  [1m[36mIncident Load (0.1ms)[0m  [1mSELECT "incidents".* FROM "incidents" WHERE "incidents"."id" = 4 LIMIT 1[0m
  [1m[35mPatient Load (0.2ms)[0m  SELECT "patients".* FROM "patients" WHERE "patients"."id" = 7 AND ("patients".incident_id = 4) LIMIT 1
  [1m[36mAREL (0.2ms)[0m  [1mDELETE FROM "patients" WHERE "patients"."id" = 7[0m
Redirected to http://localhost:3000/incidents/4/patients
Completed 302 Found in 27ms


Started GET "/incidents/4/patients" for 127.0.0.1 at Sat Oct 29 13:22:05 -0700 2011
DEPRECATION WARNING: Setting filter_parameter_logging in ActionController is deprecated and has no longer effect, please set 'config.filter_parameters' in config/application.rb instead. (called from /Users/anachecho/Documents/CMU/Fall 11/Practicum/Mass-Triage/app/controllers/application_controller.rb:4)
  Processing by PatientsController#index as HTML
  Parameters: {"incident_id"=>"4"}
  [1m[35mIncident Load (0.2ms)[0m  SELECT "incidents".* FROM "incidents" WHERE "incidents"."id" = 4 LIMIT 1
  [1m[36mPatient Load (0.2ms)[0m  [1mSELECT "patients".* FROM "patients" WHERE ("patients".incident_id = 4)[0m
Rendered patients/_form.html.erb (2.7ms)
Rendered patients/_patient.html.erb (4.2ms)
Rendered patients/index.html.erb within layouts/application (11.9ms)
Completed 200 OK in 86ms (Views: 17.3ms | ActiveRecord: 0.9ms)


Started GET "/incidents/4/ambulances" for 127.0.0.1 at Sat Oct 29 13:23:08 -0700 2011
DEPRECATION WARNING: Setting filter_parameter_logging in ActionController is deprecated and has no longer effect, please set 'config.filter_parameters' in config/application.rb instead. (called from /Users/anachecho/Documents/CMU/Fall 11/Practicum/Mass-Triage/app/controllers/application_controller.rb:4)
  Processing by AmbulancesController#index as HTML
  Parameters: {"incident_id"=>"4"}
  [1m[35mIncident Load (0.2ms)[0m  SELECT "incidents".* FROM "incidents" WHERE "incidents"."id" = 4 LIMIT 1
  [1m[36mSQL (0.1ms)[0m  [1mSELECT COUNT(*) FROM "ambulances" WHERE ("ambulances".incident_id = 4)[0m
  [1m[35mCACHE (0.0ms)[0m  SELECT COUNT(*) FROM "ambulances" WHERE ("ambulances".incident_id = 4)
  [1m[36mAmbulance Load (0.1ms)[0m  [1mSELECT "ambulances".* FROM "ambulances" WHERE ("ambulances".incident_id = 4)[0m
DEPRECATION WARNING: <% %> style block helpers are deprecated. Please use <%= %>. (called from _app_views_ambulances_index_html_erb__1472818210_2214030280_0 at /Users/anachecho/Documents/CMU/Fall 11/Practicum/Mass-Triage/app/views/ambulances/index.html.erb:32)
Rendered ambulances/index.html.erb within layouts/application (7.4ms)
Completed 200 OK in 34ms (Views: 12.4ms | ActiveRecord: 0.4ms)


Started GET "/incidents/4/ambulances/new" for 127.0.0.1 at Sat Oct 29 13:23:25 -0700 2011
DEPRECATION WARNING: Setting filter_parameter_logging in ActionController is deprecated and has no longer effect, please set 'config.filter_parameters' in config/application.rb instead. (called from /Users/anachecho/Documents/CMU/Fall 11/Practicum/Mass-Triage/app/controllers/application_controller.rb:4)
  Processing by AmbulancesController#new as HTML
  Parameters: {"incident_id"=>"4"}
  [1m[35mIncident Load (0.2ms)[0m  SELECT "incidents".* FROM "incidents" WHERE "incidents"."id" = 4 LIMIT 1
  [1m[36mHospital Load (0.2ms)[0m  [1mSELECT "hospitals".* FROM "hospitals"[0m
Rendered ambulances/_form.html.erb (12.9ms)
Rendered ambulances/new.html.erb within layouts/application (16.8ms)
Completed 200 OK in 47ms (Views: 22.1ms | ActiveRecord: 0.4ms)


Started POST "/incidents/4/ambulances" for 127.0.0.1 at Sat Oct 29 13:23:41 -0700 2011
DEPRECATION WARNING: Setting filter_parameter_logging in ActionController is deprecated and has no longer effect, please set 'config.filter_parameters' in config/application.rb instead. (called from /Users/anachecho/Documents/CMU/Fall 11/Practicum/Mass-Triage/app/controllers/application_controller.rb:4)
  Processing by AmbulancesController#create as HTML
  Parameters: {"commit"=>"ADD", "authenticity_token"=>"f7Ao/VcbXTff/GCnsup5nDT7TFIFBXDhjMNEnrEt8Vw=", "utf8"=>"\342\234\223", "ambulance"=>{"hospital_id"=>"1", "eta(5i)"=>"33", "idAmbulance"=>"A1", "eta(1i)"=>"2011", "eta(2i)"=>"10", "status"=>"En Route", "eta(3i)"=>"29", "eta(4i)"=>"20"}, "incident_id"=>"4"}
  [1m[35mIncident Load (0.2ms)[0m  SELECT "incidents".* FROM "incidents" WHERE "incidents"."id" = 4 LIMIT 1
  [1m[36mAREL (0.3ms)[0m  [1mINSERT INTO "ambulances" ("eta", "idAmbulance", "created_at", "updated_at", "hospital_id", "incident_id", "status", "description", "patient_id") VALUES ('2011-10-29 20:33:00.000000', 'A1', '2011-10-29 20:23:41.698651', '2011-10-29 20:23:41.698651', 1, 4, 'En Route', NULL, NULL)[0m
Redirected to http://localhost:3000/incidents/4/ambulances
Completed 302 Found in 80ms


Started GET "/incidents/4/ambulances" for 127.0.0.1 at Sat Oct 29 13:23:41 -0700 2011
DEPRECATION WARNING: Setting filter_parameter_logging in ActionController is deprecated and has no longer effect, please set 'config.filter_parameters' in config/application.rb instead. (called from /Users/anachecho/Documents/CMU/Fall 11/Practicum/Mass-Triage/app/controllers/application_controller.rb:4)
  Processing by AmbulancesController#index as HTML
  Parameters: {"incident_id"=>"4"}
  [1m[35mIncident Load (0.1ms)[0m  SELECT "incidents".* FROM "incidents" WHERE "incidents"."id" = 4 LIMIT 1
  [1m[36mSQL (0.2ms)[0m  [1mSELECT COUNT(*) FROM "ambulances" WHERE ("ambulances".incident_id = 4)[0m
  [1m[35mCACHE (0.0ms)[0m  SELECT COUNT(*) FROM "ambulances" WHERE ("ambulances".incident_id = 4)
  [1m[36mAmbulance Load (0.2ms)[0m  [1mSELECT "ambulances".* FROM "ambulances" WHERE ("ambulances".incident_id = 4)[0m
  [1m[35mHospital Load (0.1ms)[0m  SELECT "hospitals".* FROM "hospitals" WHERE "hospitals"."id" = 1 LIMIT 1
DEPRECATION WARNING: <% %> style block helpers are deprecated. Please use <%= %>. (called from _app_views_ambulances_index_html_erb__1472818210_2214155460_0 at /Users/anachecho/Documents/CMU/Fall 11/Practicum/Mass-Triage/app/views/ambulances/index.html.erb:32)
Rendered ambulances/index.html.erb within layouts/application (20.3ms)
Completed 200 OK in 47ms (Views: 25.1ms | ActiveRecord: 1.1ms)


Started GET "/incidents/4/ambulances/new" for 127.0.0.1 at Sat Oct 29 13:24:39 -0700 2011
DEPRECATION WARNING: Setting filter_parameter_logging in ActionController is deprecated and has no longer effect, please set 'config.filter_parameters' in config/application.rb instead. (called from /Users/anachecho/Documents/CMU/Fall 11/Practicum/Mass-Triage/app/controllers/application_controller.rb:4)
  Processing by AmbulancesController#new as HTML
  Parameters: {"incident_id"=>"4"}
  [1m[36mIncident Load (0.2ms)[0m  [1mSELECT "incidents".* FROM "incidents" WHERE "incidents"."id" = 4 LIMIT 1[0m
  [1m[35mHospital Load (0.2ms)[0m  SELECT "hospitals".* FROM "hospitals"
Rendered ambulances/_form.html.erb (12.3ms)
Rendered ambulances/new.html.erb within layouts/application (15.9ms)
Completed 200 OK in 46ms (Views: 21.0ms | ActiveRecord: 0.4ms)


Started GET "/hospitals" for 127.0.0.1 at Sat Oct 29 13:24:47 -0700 2011
DEPRECATION WARNING: Setting filter_parameter_logging in ActionController is deprecated and has no longer effect, please set 'config.filter_parameters' in config/application.rb instead. (called from /Users/anachecho/Documents/CMU/Fall 11/Practicum/Mass-Triage/app/controllers/application_controller.rb:4)
  Processing by HospitalsController#index as HTML
  [1m[36mHospital Load (0.4ms)[0m  [1mSELECT "hospitals".* FROM "hospitals"[0m
Rendered hospitals/index.html.erb within layouts/application (9.2ms)
Completed 200 OK in 21ms (Views: 17.5ms | ActiveRecord: 0.4ms)


Started GET "/incidents/4/patients" for 127.0.0.1 at Sat Oct 29 13:25:39 -0700 2011
DEPRECATION WARNING: Setting filter_parameter_logging in ActionController is deprecated and has no longer effect, please set 'config.filter_parameters' in config/application.rb instead. (called from /Users/anachecho/Documents/CMU/Fall 11/Practicum/Mass-Triage/app/controllers/application_controller.rb:4)
  Processing by PatientsController#index as HTML
  Parameters: {"incident_id"=>"4"}
  [1m[35mIncident Load (0.1ms)[0m  SELECT "incidents".* FROM "incidents" WHERE "incidents"."id" = 4 LIMIT 1
  [1m[36mPatient Load (0.2ms)[0m  [1mSELECT "patients".* FROM "patients" WHERE ("patients".incident_id = 4)[0m
Rendered patients/_form.html.erb (2.6ms)
Rendered patients/_patient.html.erb (4.1ms)
Rendered patients/index.html.erb within layouts/application (11.4ms)
Completed 200 OK in 40ms (Views: 16.3ms | ActiveRecord: 0.3ms)


Started POST "/incidents/4/patients" for 127.0.0.1 at Sat Oct 29 13:29:40 -0700 2011
DEPRECATION WARNING: Setting filter_parameter_logging in ActionController is deprecated and has no longer effect, please set 'config.filter_parameters' in config/application.rb instead. (called from /Users/anachecho/Documents/CMU/Fall 11/Practicum/Mass-Triage/app/controllers/application_controller.rb:4)
  Processing by PatientsController#create as HTML
  Parameters: {"commit"=>"ADD", "authenticity_token"=>"f7Ao/VcbXTff/GCnsup5nDT7TFIFBXDhjMNEnrEt8Vw=", "utf8"=>"\342\234\223", "patient"=>{"complaint"=>"apnea", "ageType"=>"Months", "numberOfTag"=>"2", "sex"=>"Male", "tagColor"=>"Red", "age"=>"2"}, "incident_id"=>"4"}
  [1m[35mIncident Load (0.2ms)[0m  SELECT "incidents".* FROM "incidents" WHERE "incidents"."id" = 4 LIMIT 1
  [1m[36mAREL (0.4ms)[0m  [1mINSERT INTO "patients" ("updated_at", "tagColor", "status", "sex", "idIncident", "complaint", "created_at", "incident_id", "numberOfTag", "age", "ageType") VALUES ('2011-10-29 20:29:40.129272', 'Red', NULL, 'Male', NULL, 'apnea', '2011-10-29 20:29:40.129272', 4, 2, 2, 'Months')[0m
Redirected to http://localhost:3000/incidents/4/patients
Completed 302 Found in 37ms


Started GET "/incidents/4/patients" for 127.0.0.1 at Sat Oct 29 13:29:40 -0700 2011
DEPRECATION WARNING: Setting filter_parameter_logging in ActionController is deprecated and has no longer effect, please set 'config.filter_parameters' in config/application.rb instead. (called from /Users/anachecho/Documents/CMU/Fall 11/Practicum/Mass-Triage/app/controllers/application_controller.rb:4)
  Processing by PatientsController#index as HTML
  Parameters: {"incident_id"=>"4"}
  [1m[35mIncident Load (0.2ms)[0m  SELECT "incidents".* FROM "incidents" WHERE "incidents"."id" = 4 LIMIT 1
  [1m[36mPatient Load (0.2ms)[0m  [1mSELECT "patients".* FROM "patients" WHERE ("patients".incident_id = 4)[0m
Rendered patients/_form.html.erb (2.9ms)
Rendered patients/_patient.html.erb (6.7ms)
Rendered patients/index.html.erb within layouts/application (14.3ms)
Completed 200 OK in 43ms (Views: 19.3ms | ActiveRecord: 1.0ms)


Started GET "/incidents/4/ambulances" for 127.0.0.1 at Sat Oct 29 13:29:43 -0700 2011
DEPRECATION WARNING: Setting filter_parameter_logging in ActionController is deprecated and has no longer effect, please set 'config.filter_parameters' in config/application.rb instead. (called from /Users/anachecho/Documents/CMU/Fall 11/Practicum/Mass-Triage/app/controllers/application_controller.rb:4)
  Processing by AmbulancesController#index as HTML
  Parameters: {"incident_id"=>"4"}
  [1m[35mIncident Load (0.2ms)[0m  SELECT "incidents".* FROM "incidents" WHERE "incidents"."id" = 4 LIMIT 1
  [1m[36mSQL (0.1ms)[0m  [1mSELECT COUNT(*) FROM "ambulances" WHERE ("ambulances".incident_id = 4)[0m
  [1m[35mCACHE (0.0ms)[0m  SELECT COUNT(*) FROM "ambulances" WHERE ("ambulances".incident_id = 4)
  [1m[36mAmbulance Load (0.1ms)[0m  [1mSELECT "ambulances".* FROM "ambulances" WHERE ("ambulances".incident_id = 4)[0m
  [1m[35mHospital Load (0.1ms)[0m  SELECT "hospitals".* FROM "hospitals" WHERE "hospitals"."id" = 1 LIMIT 1
DEPRECATION WARNING: <% %> style block helpers are deprecated. Please use <%= %>. (called from _app_views_ambulances_index_html_erb__1472818210_2216419400_0 at /Users/anachecho/Documents/CMU/Fall 11/Practicum/Mass-Triage/app/views/ambulances/index.html.erb:32)
Rendered ambulances/index.html.erb within layouts/application (19.9ms)
Completed 200 OK in 84ms (Views: 24.5ms | ActiveRecord: 0.6ms)


Started POST "/incidents/4" for 127.0.0.1 at Sat Oct 29 13:29:50 -0700 2011
DEPRECATION WARNING: Setting filter_parameter_logging in ActionController is deprecated and has no longer effect, please set 'config.filter_parameters' in config/application.rb instead. (called from /Users/anachecho/Documents/CMU/Fall 11/Practicum/Mass-Triage/app/controllers/application_controller.rb:4)
  Processing by IncidentsController#update as HTML
  Parameters: {"commit"=>"REQUEST", "authenticity_token"=>"f7Ao/VcbXTff/GCnsup5nDT7TFIFBXDhjMNEnrEt8Vw=", "utf8"=>"\342\234\223", "id"=>"4", "incident"=>{"requested_amb_count"=>"4"}}
  [1m[36mIncident Load (0.2ms)[0m  [1mSELECT "incidents".* FROM "incidents" WHERE "incidents"."id" = 4 LIMIT 1[0m
  [1m[35mAREL (0.3ms)[0m  UPDATE "incidents" SET "requested_amb_count" = 4, "updated_at" = '2011-10-29 20:29:50.224538' WHERE "incidents"."id" = 4
Redirected to http://localhost:3000/incidents/4/patients
Completed 302 Found in 17ms


Started GET "/incidents/4/patients" for 127.0.0.1 at Sat Oct 29 13:29:50 -0700 2011
DEPRECATION WARNING: Setting filter_parameter_logging in ActionController is deprecated and has no longer effect, please set 'config.filter_parameters' in config/application.rb instead. (called from /Users/anachecho/Documents/CMU/Fall 11/Practicum/Mass-Triage/app/controllers/application_controller.rb:4)
  Processing by PatientsController#index as HTML
  Parameters: {"incident_id"=>"4"}
  [1m[36mIncident Load (0.2ms)[0m  [1mSELECT "incidents".* FROM "incidents" WHERE "incidents"."id" = 4 LIMIT 1[0m
  [1m[35mPatient Load (0.2ms)[0m  SELECT "patients".* FROM "patients" WHERE ("patients".incident_id = 4)
Rendered patients/_form.html.erb (2.5ms)
Rendered patients/_patient.html.erb (6.5ms)
Rendered patients/index.html.erb within layouts/application (13.7ms)
Completed 200 OK in 86ms (Views: 18.4ms | ActiveRecord: 0.8ms)


Started POST "/incidents/4/patients/6" for 127.0.0.1 at Sat Oct 29 13:30:23 -0700 2011
DEPRECATION WARNING: Setting filter_parameter_logging in ActionController is deprecated and has no longer effect, please set 'config.filter_parameters' in config/application.rb instead. (called from /Users/anachecho/Documents/CMU/Fall 11/Practicum/Mass-Triage/app/controllers/application_controller.rb:4)
  Processing by PatientsController#update as HTML
  Parameters: {"id"=>"6", "patient"=>{"complaint"=>"bilateral leg fracture, uncontrolled bleeding"}, "incident_id"=>"4"}
  [1m[36mIncident Load (0.1ms)[0m  [1mSELECT "incidents".* FROM "incidents" WHERE "incidents"."id" = 4 LIMIT 1[0m
  [1m[35mPatient Load (0.2ms)[0m  SELECT "patients".* FROM "patients" WHERE "patients"."id" = 6 AND ("patients".incident_id = 4) LIMIT 1
  [1m[36mAREL (0.6ms)[0m  [1mUPDATE "patients" SET "complaint" = 'bilateral leg fracture, uncontrolled bleeding', "updated_at" = '2011-10-29 20:30:23.878780' WHERE "patients"."id" = 6[0m
Rendered text template (0.0ms)
Completed 200 OK in 28ms (Views: 0.7ms | ActiveRecord: 1.0ms)


Started POST "/incidents/4/patients/6" for 127.0.0.1 at Sat Oct 29 13:30:29 -0700 2011
DEPRECATION WARNING: Setting filter_parameter_logging in ActionController is deprecated and has no longer effect, please set 'config.filter_parameters' in config/application.rb instead. (called from /Users/anachecho/Documents/CMU/Fall 11/Practicum/Mass-Triage/app/controllers/application_controller.rb:4)
  Processing by PatientsController#update as HTML
  Parameters: {"id"=>"6", "patient"=>{"ageType"=>"Years"}, "incident_id"=>"4"}
  [1m[35mIncident Load (0.1ms)[0m  SELECT "incidents".* FROM "incidents" WHERE "incidents"."id" = 4 LIMIT 1
  [1m[36mPatient Load (0.2ms)[0m  [1mSELECT "patients".* FROM "patients" WHERE "patients"."id" = 6 AND ("patients".incident_id = 4) LIMIT 1[0m
Rendered text template (0.0ms)
Completed 200 OK in 65ms (Views: 0.6ms | ActiveRecord: 0.3ms)


Started POST "/incidents/4/patients/8" for 127.0.0.1 at Sat Oct 29 13:30:33 -0700 2011
DEPRECATION WARNING: Setting filter_parameter_logging in ActionController is deprecated and has no longer effect, please set 'config.filter_parameters' in config/application.rb instead. (called from /Users/anachecho/Documents/CMU/Fall 11/Practicum/Mass-Triage/app/controllers/application_controller.rb:4)
  Processing by PatientsController#update as HTML
  Parameters: {"id"=>"8", "patient"=>{"ageType"=>"Days"}, "incident_id"=>"4"}
  [1m[35mIncident Load (0.1ms)[0m  SELECT "incidents".* FROM "incidents" WHERE "incidents"."id" = 4 LIMIT 1
  [1m[36mPatient Load (0.2ms)[0m  [1mSELECT "patients".* FROM "patients" WHERE "patients"."id" = 8 AND ("patients".incident_id = 4) LIMIT 1[0m
  [1m[35mAREL (0.3ms)[0m  UPDATE "patients" SET "ageType" = 'Days', "updated_at" = '2011-10-29 20:30:33.931310' WHERE "patients"."id" = 8
Rendered text template (0.0ms)
Completed 200 OK in 28ms (Views: 0.7ms | ActiveRecord: 0.6ms)


Started POST "/incidents/4/patients/6" for 127.0.0.1 at Sat Oct 29 13:30:49 -0700 2011
DEPRECATION WARNING: Setting filter_parameter_logging in ActionController is deprecated and has no longer effect, please set 'config.filter_parameters' in config/application.rb instead. (called from /Users/anachecho/Documents/CMU/Fall 11/Practicum/Mass-Triage/app/controllers/application_controller.rb:4)
  Processing by PatientsController#destroy as HTML
  Parameters: {"authenticity_token"=>"f7Ao/VcbXTff/GCnsup5nDT7TFIFBXDhjMNEnrEt8Vw=", "id"=>"6", "incident_id"=>"4"}
  [1m[36mIncident Load (0.2ms)[0m  [1mSELECT "incidents".* FROM "incidents" WHERE "incidents"."id" = 4 LIMIT 1[0m
  [1m[35mPatient Load (0.2ms)[0m  SELECT "patients".* FROM "patients" WHERE "patients"."id" = 6 AND ("patients".incident_id = 4) LIMIT 1
  [1m[36mAREL (0.2ms)[0m  [1mDELETE FROM "patients" WHERE "patients"."id" = 6[0m
Redirected to http://localhost:3000/incidents/4/patients
Completed 302 Found in 69ms


Started GET "/incidents/4/patients" for 127.0.0.1 at Sat Oct 29 13:30:49 -0700 2011
DEPRECATION WARNING: Setting filter_parameter_logging in ActionController is deprecated and has no longer effect, please set 'config.filter_parameters' in config/application.rb instead. (called from /Users/anachecho/Documents/CMU/Fall 11/Practicum/Mass-Triage/app/controllers/application_controller.rb:4)
  Processing by PatientsController#index as HTML
  Parameters: {"incident_id"=>"4"}
  [1m[35mIncident Load (0.1ms)[0m  SELECT "incidents".* FROM "incidents" WHERE "incidents"."id" = 4 LIMIT 1
  [1m[36mPatient Load (0.3ms)[0m  [1mSELECT "patients".* FROM "patients" WHERE ("patients".incident_id = 4)[0m
Rendered patients/_form.html.erb (2.7ms)
Rendered patients/_patient.html.erb (3.6ms)
Rendered patients/index.html.erb within layouts/application (11.0ms)
Completed 200 OK in 42ms (Views: 15.9ms | ActiveRecord: 1.1ms)


Started GET "/incidents/4/ambulances" for 127.0.0.1 at Sat Oct 29 13:31:02 -0700 2011
DEPRECATION WARNING: Setting filter_parameter_logging in ActionController is deprecated and has no longer effect, please set 'config.filter_parameters' in config/application.rb instead. (called from /Users/anachecho/Documents/CMU/Fall 11/Practicum/Mass-Triage/app/controllers/application_controller.rb:4)
  Processing by AmbulancesController#index as HTML
  Parameters: {"incident_id"=>"4"}
  [1m[35mIncident Load (0.1ms)[0m  SELECT "incidents".* FROM "incidents" WHERE "incidents"."id" = 4 LIMIT 1
  [1m[36mSQL (0.1ms)[0m  [1mSELECT COUNT(*) FROM "ambulances" WHERE ("ambulances".incident_id = 4)[0m
  [1m[35mCACHE (0.0ms)[0m  SELECT COUNT(*) FROM "ambulances" WHERE ("ambulances".incident_id = 4)
  [1m[36mAmbulance Load (0.1ms)[0m  [1mSELECT "ambulances".* FROM "ambulances" WHERE ("ambulances".incident_id = 4)[0m
  [1m[35mHospital Load (0.1ms)[0m  SELECT "hospitals".* FROM "hospitals" WHERE "hospitals"."id" = 1 LIMIT 1
DEPRECATION WARNING: <% %> style block helpers are deprecated. Please use <%= %>. (called from _app_views_ambulances_index_html_erb__1472818210_2216266100_0 at /Users/anachecho/Documents/CMU/Fall 11/Practicum/Mass-Triage/app/views/ambulances/index.html.erb:32)
Rendered ambulances/index.html.erb within layouts/application (19.1ms)
Completed 200 OK in 87ms (Views: 23.6ms | ActiveRecord: 0.5ms)


Started GET "/incidents/4/patients" for 127.0.0.1 at Sat Oct 29 13:31:04 -0700 2011
DEPRECATION WARNING: Setting filter_parameter_logging in ActionController is deprecated and has no longer effect, please set 'config.filter_parameters' in config/application.rb instead. (called from /Users/anachecho/Documents/CMU/Fall 11/Practicum/Mass-Triage/app/controllers/application_controller.rb:4)
  Processing by PatientsController#index as HTML
  Parameters: {"incident_id"=>"4"}
  [1m[36mIncident Load (0.1ms)[0m  [1mSELECT "incidents".* FROM "incidents" WHERE "incidents"."id" = 4 LIMIT 1[0m
  [1m[35mPatient Load (0.2ms)[0m  SELECT "patients".* FROM "patients" WHERE ("patients".incident_id = 4)
Rendered patients/_form.html.erb (2.5ms)
Rendered patients/_patient.html.erb (43.8ms)
Rendered patients/index.html.erb within layouts/application (51.3ms)
Completed 200 OK in 79ms (Views: 56.6ms | ActiveRecord: 0.3ms)


Started GET "/incidents/4/ambulances" for 127.0.0.1 at Sat Oct 29 13:31:07 -0700 2011
DEPRECATION WARNING: Setting filter_parameter_logging in ActionController is deprecated and has no longer effect, please set 'config.filter_parameters' in config/application.rb instead. (called from /Users/anachecho/Documents/CMU/Fall 11/Practicum/Mass-Triage/app/controllers/application_controller.rb:4)
  Processing by AmbulancesController#index as HTML
  Parameters: {"incident_id"=>"4"}
  [1m[36mIncident Load (0.1ms)[0m  [1mSELECT "incidents".* FROM "incidents" WHERE "incidents"."id" = 4 LIMIT 1[0m
  [1m[35mSQL (0.1ms)[0m  SELECT COUNT(*) FROM "ambulances" WHERE ("ambulances".incident_id = 4)
  [1m[36mCACHE (0.0ms)[0m  [1mSELECT COUNT(*) FROM "ambulances" WHERE ("ambulances".incident_id = 4)[0m
  [1m[35mAmbulance Load (0.2ms)[0m  SELECT "ambulances".* FROM "ambulances" WHERE ("ambulances".incident_id = 4)
  [1m[36mHospital Load (0.1ms)[0m  [1mSELECT "hospitals".* FROM "hospitals" WHERE "hospitals"."id" = 1 LIMIT 1[0m
DEPRECATION WARNING: <% %> style block helpers are deprecated. Please use <%= %>. (called from _app_views_ambulances_index_html_erb__1472818210_2214730400_0 at /Users/anachecho/Documents/CMU/Fall 11/Practicum/Mass-Triage/app/views/ambulances/index.html.erb:32)
Rendered ambulances/index.html.erb within layouts/application (19.3ms)
Completed 200 OK in 44ms (Views: 23.8ms | ActiveRecord: 0.6ms)


Started GET "/incidents/4/ambulances/5/edit" for 127.0.0.1 at Sat Oct 29 13:31:13 -0700 2011
DEPRECATION WARNING: Setting filter_parameter_logging in ActionController is deprecated and has no longer effect, please set 'config.filter_parameters' in config/application.rb instead. (called from /Users/anachecho/Documents/CMU/Fall 11/Practicum/Mass-Triage/app/controllers/application_controller.rb:4)
  Processing by AmbulancesController#edit as HTML
  Parameters: {"id"=>"5", "incident_id"=>"4"}
  [1m[35mIncident Load (0.2ms)[0m  SELECT "incidents".* FROM "incidents" WHERE "incidents"."id" = 4 LIMIT 1
  [1m[36mAmbulance Load (0.2ms)[0m  [1mSELECT "ambulances".* FROM "ambulances" WHERE "ambulances"."id" = 5 AND ("ambulances".incident_id = 4) LIMIT 1[0m
  [1m[35mHospital Load (0.2ms)[0m  SELECT "hospitals".* FROM "hospitals"
Rendered ambulances/_form.html.erb (16.5ms)
Rendered ambulances/edit.html.erb within layouts/application (20.0ms)
Completed 200 OK in 113ms (Views: 47.0ms | ActiveRecord: 0.6ms)


Started GET "/incidents/4/ambulances" for 127.0.0.1 at Sat Oct 29 13:31:16 -0700 2011
DEPRECATION WARNING: Setting filter_parameter_logging in ActionController is deprecated and has no longer effect, please set 'config.filter_parameters' in config/application.rb instead. (called from /Users/anachecho/Documents/CMU/Fall 11/Practicum/Mass-Triage/app/controllers/application_controller.rb:4)
  Processing by AmbulancesController#index as HTML
  Parameters: {"incident_id"=>"4"}
  [1m[36mIncident Load (0.1ms)[0m  [1mSELECT "incidents".* FROM "incidents" WHERE "incidents"."id" = 4 LIMIT 1[0m
  [1m[35mSQL (0.1ms)[0m  SELECT COUNT(*) FROM "ambulances" WHERE ("ambulances".incident_id = 4)
  [1m[36mCACHE (0.0ms)[0m  [1mSELECT COUNT(*) FROM "ambulances" WHERE ("ambulances".incident_id = 4)[0m
  [1m[35mAmbulance Load (0.1ms)[0m  SELECT "ambulances".* FROM "ambulances" WHERE ("ambulances".incident_id = 4)
  [1m[36mHospital Load (0.1ms)[0m  [1mSELECT "hospitals".* FROM "hospitals" WHERE "hospitals"."id" = 1 LIMIT 1[0m
DEPRECATION WARNING: <% %> style block helpers are deprecated. Please use <%= %>. (called from _app_views_ambulances_index_html_erb__1472818210_2213583260_0 at /Users/anachecho/Documents/CMU/Fall 11/Practicum/Mass-Triage/app/views/ambulances/index.html.erb:32)
Rendered ambulances/index.html.erb within layouts/application (59.8ms)
Completed 200 OK in 86ms (Views: 64.7ms | ActiveRecord: 0.6ms)


Started GET "/incidents/4/patients" for 127.0.0.1 at Sat Oct 29 13:31:50 -0700 2011
DEPRECATION WARNING: Setting filter_parameter_logging in ActionController is deprecated and has no longer effect, please set 'config.filter_parameters' in config/application.rb instead. (called from /Users/anachecho/Documents/CMU/Fall 11/Practicum/Mass-Triage/app/controllers/application_controller.rb:4)
  Processing by PatientsController#index as HTML
  Parameters: {"incident_id"=>"4"}
  [1m[35mIncident Load (0.1ms)[0m  SELECT "incidents".* FROM "incidents" WHERE "incidents"."id" = 4 LIMIT 1
  [1m[36mPatient Load (0.2ms)[0m  [1mSELECT "patients".* FROM "patients" WHERE ("patients".incident_id = 4)[0m
Rendered patients/_form.html.erb (2.6ms)
Rendered patients/_patient.html.erb (3.4ms)
Rendered patients/index.html.erb within layouts/application (10.6ms)
Completed 200 OK in 38ms (Views: 15.5ms | ActiveRecord: 0.4ms)
DEPRECATION WARNING: config.action_view.debug_rjs will be removed in 3.1, from 3.1 onwards you will need to install prototype-rails to continue to use RJS templates . (called from instance_exec at /Library/Ruby/Gems/1.8/gems/railties-3.0.9/lib/rails/initializable.rb:25)


Started GET "/patients" for 127.0.0.1 at Sun Oct 30 19:05:58 -0700 2011

ActionController::RoutingError (No route matches "/patients"):
  

Rendered /Users/anachecho/.gem/ruby/1.8/gems/actionpack-3.0.9/lib/action_dispatch/middleware/templates/rescues/routing_error.erb within rescues/layout (0.7ms)


Started GET "/incidents" for 127.0.0.1 at Sun Oct 30 19:06:01 -0700 2011
DEPRECATION WARNING: Setting filter_parameter_logging in ActionController is deprecated and has no longer effect, please set 'config.filter_parameters' in config/application.rb instead. (called from /Users/anachecho/Documents/CMU/Fall 11/Practicum/Mass-Triage/app/controllers/application_controller.rb:4)
  Processing by IncidentsController#index as HTML
  [1m[36mIncident Load (1.1ms)[0m  [1mSELECT "incidents".* FROM "incidents"[0m
Rendered incidents/index.html.erb within layouts/application (12.1ms)
Completed 200 OK in 80ms (Views: 37.4ms | ActiveRecord: 1.1ms)


Started GET "/incidents/1/patients" for 127.0.0.1 at Sun Oct 30 19:06:03 -0700 2011
DEPRECATION WARNING: Setting filter_parameter_logging in ActionController is deprecated and has no longer effect, please set 'config.filter_parameters' in config/application.rb instead. (called from /Users/anachecho/Documents/CMU/Fall 11/Practicum/Mass-Triage/app/controllers/application_controller.rb:4)
  Processing by PatientsController#index as HTML
  Parameters: {"incident_id"=>"1"}
  [1m[35mSQL (0.5ms)[0m   SELECT name
 FROM sqlite_master
 WHERE type = 'table' AND NOT name = 'sqlite_sequence'
  [1m[36mIncident Load (0.1ms)[0m  [1mSELECT "incidents".* FROM "incidents" WHERE "incidents"."id" = 1 LIMIT 1[0m
  [1m[35mPatient Load (0.2ms)[0m  SELECT "patients".* FROM "patients" WHERE ("patients".incident_id = 1)
Rendered patients/_form.html.erb (2.8ms)
Rendered patients/_patient.html.erb (6.5ms)
Rendered patients/index.html.erb within layouts/application (15.0ms)
Completed 200 OK in 104ms (Views: 40.7ms | ActiveRecord: 0.9ms)


Started GET "/incidents/1/ambulances" for 127.0.0.1 at Sun Oct 30 19:06:05 -0700 2011
DEPRECATION WARNING: Setting filter_parameter_logging in ActionController is deprecated and has no longer effect, please set 'config.filter_parameters' in config/application.rb instead. (called from /Users/anachecho/Documents/CMU/Fall 11/Practicum/Mass-Triage/app/controllers/application_controller.rb:4)
  Processing by AmbulancesController#index as HTML
  Parameters: {"incident_id"=>"1"}
  [1m[36mIncident Load (0.1ms)[0m  [1mSELECT "incidents".* FROM "incidents" WHERE "incidents"."id" = 1 LIMIT 1[0m
  [1m[35mSQL (0.2ms)[0m  SELECT COUNT(*) FROM "ambulances" WHERE ("ambulances".incident_id = 1)
  [1m[36mCACHE (0.0ms)[0m  [1mSELECT COUNT(*) FROM "ambulances" WHERE ("ambulances".incident_id = 1)[0m
  [1m[35mAmbulance Load (0.1ms)[0m  SELECT "ambulances".* FROM "ambulances" WHERE ("ambulances".incident_id = 1)
  [1m[36mHospital Load (0.1ms)[0m  [1mSELECT "hospitals".* FROM "hospitals" WHERE "hospitals"."id" = 1 LIMIT 1[0m
DEPRECATION WARNING: <% %> style block helpers are deprecated. Please use <%= %>. (called from _app_views_ambulances_index_html_erb__1472818210_2234458480_0 at /Users/anachecho/Documents/CMU/Fall 11/Practicum/Mass-Triage/app/views/ambulances/index.html.erb:32)
Rendered ambulances/index.html.erb within layouts/application (20.9ms)
Completed 200 OK in 85ms (Views: 26.3ms | ActiveRecord: 0.6ms)


Started POST "/incidents/1" for 127.0.0.1 at Sun Oct 30 19:06:08 -0700 2011
DEPRECATION WARNING: Setting filter_parameter_logging in ActionController is deprecated and has no longer effect, please set 'config.filter_parameters' in config/application.rb instead. (called from /Users/anachecho/Documents/CMU/Fall 11/Practicum/Mass-Triage/app/controllers/application_controller.rb:4)
  Processing by IncidentsController#update as HTML
  Parameters: {"commit"=>"REQUEST", "authenticity_token"=>"Xum0mgYP+KKLGNuPnUBSM7FEydA74/VAdFxClz/Y+r4=", "utf8"=>"\342\234\223", "id"=>"1", "incident"=>{"requested_amb_count"=>"10"}}
  [1m[35mIncident Load (0.2ms)[0m  SELECT "incidents".* FROM "incidents" WHERE "incidents"."id" = 1 LIMIT 1
  [1m[36mAREL (0.3ms)[0m  [1mUPDATE "incidents" SET "requested_amb_count" = 10, "updated_at" = '2011-10-31 02:06:08.433289' WHERE "incidents"."id" = 1[0m
Redirected to http://localhost:3000/incidents/1/patients
Completed 302 Found in 50ms


Started GET "/incidents/1/patients" for 127.0.0.1 at Sun Oct 30 19:06:08 -0700 2011
DEPRECATION WARNING: Setting filter_parameter_logging in ActionController is deprecated and has no longer effect, please set 'config.filter_parameters' in config/application.rb instead. (called from /Users/anachecho/Documents/CMU/Fall 11/Practicum/Mass-Triage/app/controllers/application_controller.rb:4)
  Processing by PatientsController#index as HTML
  Parameters: {"incident_id"=>"1"}
  [1m[35mIncident Load (0.1ms)[0m  SELECT "incidents".* FROM "incidents" WHERE "incidents"."id" = 1 LIMIT 1
  [1m[36mPatient Load (0.3ms)[0m  [1mSELECT "patients".* FROM "patients" WHERE ("patients".incident_id = 1)[0m
Rendered patients/_form.html.erb (2.5ms)
Rendered patients/_patient.html.erb (6.4ms)
Rendered patients/index.html.erb within layouts/application (13.9ms)
Completed 200 OK in 43ms (Views: 18.8ms | ActiveRecord: 0.9ms)
DEPRECATION WARNING: config.action_view.debug_rjs will be removed in 3.1, from 3.1 onwards you will need to install prototype-rails to continue to use RJS templates . (called from instance_exec at /Library/Ruby/Gems/1.8/gems/railties-3.0.9/lib/rails/initializable.rb:25)


Started GET "/patients" for 127.0.0.1 at Tue Nov 01 18:37:22 -0700 2011

ActionController::RoutingError (No route matches "/patients"):
  

Rendered /Users/anachecho/.gem/ruby/1.8/gems/actionpack-3.0.9/lib/action_dispatch/middleware/templates/rescues/routing_error.erb within rescues/layout (0.7ms)


Started GET "/register" for 127.0.0.1 at Tue Nov 01 18:37:26 -0700 2011

ActionController::RoutingError (No route matches "/register"):
  

Rendered /Users/anachecho/.gem/ruby/1.8/gems/actionpack-3.0.9/lib/action_dispatch/middleware/templates/rescues/routing_error.erb within rescues/layout (0.6ms)


Started GET "/login" for 127.0.0.1 at Tue Nov 01 18:37:29 -0700 2011
DEPRECATION WARNING: Setting filter_parameter_logging in ActionController is deprecated and has no longer effect, please set 'config.filter_parameters' in config/application.rb instead. (called from /Users/anachecho/Documents/CMU/Fall 11/Practicum/Mass-Triage/app/controllers/application_controller.rb:4)
  Processing by UserSessionsController#new as HTML
Rendered user_sessions/_form.html.erb (45.3ms)
Rendered user_sessions/new.html.erb within layouts/application (50.1ms)
Completed 200 OK in 98ms (Views: 56.5ms | ActiveRecord: 0.0ms)
